error 404 - Requiring failed: class 'app\models\short_codes\ShortCodeWithInner' does not exist (08.02.2020 at 17:16:00)
error 404 - Requiring failed: class 'app\models\Url' does not exist (16.02.2020 at 17:25:09)
error 404 - Requiring failed: class 'app\models\Url' does not exist (16.02.2020 at 17:33:08)
error 404 - Requiring failed: class 'app\models\Model' does not exist (16.02.2020 at 18:02:51)
error 404 - Requiring failed: class 'app\models\Database' does not exist (16.02.2020 at 18:06:36)
error 404 - Requiring failed: class 'app\models\Model' does not exist (16.02.2020 at 18:06:53)
error 404 - Requiring failed: class 'app\controllers\DbController' does not exist (16.02.2020 at 18:16:37)
error 404 - Requiring failed: class 'app\models\App' does not exist (16.02.2020 at 18:19:08)
error 404 - Requiring failed: class 'app\models\Model' does not exist (16.02.2020 at 18:20:56)
error 404 - Requiring failed: class 'engine\base\TableModel' does not exist (16.02.2020 at 18:21:25)
error 404 - Requiring failed: class 'app\commands\DbCommands' does not exist (16.02.2020 at 18:22:10)
error 404 - Requiring failed: class 'engine\base\DbCommands' does not exist (16.02.2020 at 18:23:47)
error 404 - Requiring failed: class 'app\commands\DbCommands' does not exist (16.02.2020 at 18:27:50)
error 404 - Requiring failed: class 'app\commands\DbCommands' does not exist (16.02.2020 at 18:28:02)
error 404 - Requiring failed: class 'app\commands\DbCommands' does not exist (16.02.2020 at 18:28:50)
error 404 - Requiring failed: class 'app\controllers\dbController' does not exist (16.02.2020 at 18:29:43)
error 404 - Requiring failed: class 'app\controllers\DBController' does not exist (16.02.2020 at 18:29:49)
error 404 - Requiring failed: class 'app\controllers\DbController' does not exist (16.02.2020 at 18:29:54)
error 404 - Requiring failed: class 'engine\base\TableModel' does not exist (16.02.2020 at 18:34:23)
error 404 - Requiring failed: class 'app\models\ConstantsModel' does not exist (16.02.2020 at 23:32:49)
error 404 - Requiring failed: class 'app\models\View' does not exist (16.02.2020 at 23:40:10)
error 404 - Requiring failed: class 'app\models\Model' does not exist (16.02.2020 at 23:40:28)
error 404 - Requiring failed: class 'app\models\Model' does not exist (16.02.2020 at 23:41:17)
error 404 - Requiring failed: class 'app\models\Model' does not exist (16.02.2020 at 23:41:57)
error 404 - Requiring failed: class 'app\models\Model' does not exist (16.02.2020 at 23:42:09)
error 404 - Requiring failed: class 'app\models\Model' does not exist (16.02.2020 at 23:42:52)
error 404 - Requiring failed: class 'engine\base\TableModel' does not exist (02.04.2020 at 18:52:49)
error 404 - Requiring failed: class 'app\controllers\SiteController' does not exist (16.06.2020 at 22:37:14)
error 404 - Requiring failed: class 'app\controllers\SiteController' does not exist (16.06.2020 at 22:37:16)
error 404 - Requiring failed: class 'app\controllers\SiteController' does not exist (16.06.2020 at 22:37:53)
error 404 - Requiring failed: class 'app\controllers\SiteController' does not exist (16.06.2020 at 22:41:12)
error 404 - Requiring failed: class 'app\App' does not exist (17.06.2020 at 18:21:25)
error 404 - Requiring failed: class 'app\App' does not exist (17.06.2020 at 18:22:30)
error 404 - Requiring failed: class 'app\App' does not exist (17.06.2020 at 18:24:29)
error 404 - Requiring failed: class 'app\models\Contacts' does not exist (21.06.2020 at 10:27:55)
error 404 - Requiring failed: class 'app\models\Model' does not exist (21.06.2020 at 10:28:43)
error 404 - Requiring failed: class 'app\models\Mail' does not exist (21.06.2020 at 10:29:16)
error 404 - Requiring failed: class 'app\models\Mail' does not exist (21.06.2020 at 10:29:39)
error 404 - Requiring failed: class 'app\models\Mail' does not exist (21.06.2020 at 10:30:10)
error 404 - Requiring failed: class 'app\models\Mail' does not exist (21.06.2020 at 10:30:14)
error 404 - Requiring failed: class 'app\models\Model' does not exist (21.06.2020 at 10:30:20)
error 404 - Requiring failed: class 'app\models\Model' does not exist (21.06.2020 at 19:29:20)
